<?xml version="1.0" encoding="UTF-8"?>
<testsuite xmlns:xsi="http://www.w3.org/2001/XMLSchema-instance" xsi:noNamespaceSchemaLocation="https://maven.apache.org/surefire/maven-surefire-plugin/xsd/surefire-test-report-3.0.xsd" version="3.0" name="com.mud.game.InventoryTest" time="0.05" tests="17" errors="0" skipped="0" failures="0">
  <properties>
[...]
</properties>
  <testcase name="testAddNegativeGold" classname="com.mud.game.InventoryTest" time="0.03"/>
  <testcase name="testAddGold" classname="com.mud.game.InventoryTest" time="0.002"/>
  <testcase name="testAddItem" classname="com.mud.game.InventoryTest" time="0.002"/>
  <testcase name="testClear" classname="com.mud.game.InventoryTest" time="0.0"/>
  <testcase name="testInventoryWithInitialGold" classname="com.mud.game.InventoryTest" time="0.0"/>
  <testcase name="testGetAllItems" classname="com.mud.game.InventoryTest" time="0.001"/>
  <testcase name="testSpendZeroGold" classname="com.mud.game.InventoryTest" time="0.002"/>
  <testcase name="testSpendMoreGoldThanAvailable" classname="com.mud.game.InventoryTest" time="0.001"/>
  <testcase name="testSpendGold" classname="com.mud.game.InventoryTest" time="0.0"/>
  <testcase name="testGetNonExistentItem" classname="com.mud.game.InventoryTest" time="0.002"/>
  <testcase name="testInventoryInitialization" classname="com.mud.game.InventoryTest" time="0.0"/>
  <testcase name="testCanAfford" classname="com.mud.game.InventoryTest" time="0.0"/>
  <testcase name="testRemoveItem" classname="com.mud.game.InventoryTest" time="0.001"/>
  <testcase name="testRemoveNonExistentItem" classname="com.mud.game.InventoryTest" time="0.001"/>
  <testcase name="testAddNullItem" classname="com.mud.game.InventoryTest" time="0.001"/>
  <testcase name="testSpendNegativeGold" classname="com.mud.game.InventoryTest" time="0.0"/>
  <testcase name="testAddDuplicateItem" classname="com.mud.game.InventoryTest" time="0.0"/>
</testsuite>